 
****************************************
Report : area
Design : gcd
Version: T-2022.03-SP5
Date   : Tue May 23 04:18:09 2023
****************************************

Library(s) Used:

    asap7 (File: /usr/local/eda/synLibs/asap7/7nm/db/asap7.db)

Number of ports:                           27
Number of nets:                           193
Number of cells:                          175
Number of combinational cells:            145
Number of sequential cells:                30
Number of macros/black boxes:               0
Number of buf/inv:                         42
Number of references:                      25

Combinational area:                168.661439
Buf/Inv area:                       29.393280
Noncombinational area:             140.667836
Macro/Black Box area:                0.000000
Net Interconnect area:      undefined  (No wire load specified)

Total cell area:                   309.329275
Total area:                 undefined

Hierarchical area distribution
------------------------------

                                  Global cell area          Local cell area
                                  ------------------  --------------------------- 
Hierarchical cell                 Absolute   Percent  Combi-    Noncombi-  Black-
                                  Total      Total    national  national   boxes   Design
--------------------------------  ---------  -------  --------  ---------  ------  ---------
gcd                                309.3293    100.0  168.6614   140.6678  0.0000  gcd
--------------------------------  ---------  -------  --------  ---------  ------  ---------
Total                                                 168.6614   140.6678  0.0000

1
