Information: Updating design information... (UID-85)
 
****************************************
Report : timing
        -path full
        -delay max
        -max_paths 1
Design : gcd
Version: T-2022.03-SP5
Date   : Tue May 23 04:18:09 2023
****************************************

Operating Conditions: PVT_0P7V_25C   Library: asap7
Wire Load Model Mode: top

  Startpoint: fsm/state_reg[1]
              (rising edge-triggered flip-flop clocked by clk)
  Endpoint: fsm/state_reg[2]
            (rising edge-triggered flip-flop clocked by clk)
  Path Group: clk
  Path Type: max

  Point                                                   Incr       Path
  --------------------------------------------------------------------------
  clock clk (rise edge)                                   0.00       0.00
  clock network delay (ideal)                             0.00       0.00
  fsm/state_reg[1]/CLK (ASYNC_DFFHx1_ASAP7_75t_R)         0.00       0.00 r
  fsm/state_reg[1]/QN (ASYNC_DFFHx1_ASAP7_75t_R)         58.02      58.02 f
  U99/Y (NAND2xp5_ASAP7_75t_R)                           16.17      74.18 r
  U91/Y (NOR2xp33_ASAP7_75t_R)                           13.73      87.91 f
  U104/Y (NAND2xp5_ASAP7_75t_R)                          12.35     100.26 r
  U93/Y (OAI21xp5_ASAP7_75t_R)                           13.23     113.50 f
  fsm/state_reg[2]/D (ASYNC_DFFHx1_ASAP7_75t_R)           0.00     113.50 f
  data arrival time                                                113.50

  clock clk (rise edge)                                 130.00     130.00
  clock network delay (ideal)                             0.00     130.00
  fsm/state_reg[2]/CLK (ASYNC_DFFHx1_ASAP7_75t_R)         0.00     130.00 r
  library setup time                                    -16.33     113.67
  data required time                                               113.67
  --------------------------------------------------------------------------
  data required time                                               113.67
  data arrival time                                               -113.50
  --------------------------------------------------------------------------
  slack (MET)                                                        0.18


1
