 
****************************************
Report : area
Design : rca_w_regs
Version: T-2022.03-SP5
Date   : Wed May 17 14:04:50 2023
****************************************

Library(s) Used:

    asap7 (File: /usr/local/eda/synLibs/asap7/7nm/db/asap7.db)

Number of ports:                           15
Number of nets:                            54
Number of cells:                           44
Number of combinational cells:             31
Number of sequential cells:                13
Number of macros/black boxes:               0
Number of buf/inv:                         10
Number of references:                      16

Combinational area:                 38.491200
Buf/Inv area:                        8.164800
Noncombinational area:              78.848639
Macro/Black Box area:                0.000000
Net Interconnect area:      undefined  (No wire load specified)

Total cell area:                   117.339839
Total area:                 undefined

Hierarchical area distribution
------------------------------

                                  Global cell area          Local cell area
                                  ------------------  --------------------------- 
Hierarchical cell                 Absolute   Percent  Combi-    Noncombi-  Black-
                                  Total      Total    national  national   boxes   Design
--------------------------------  ---------  -------  --------  ---------  ------  ---------
rca_w_regs                         117.3398    100.0   38.4912    78.8486  0.0000  rca_w_regs
--------------------------------  ---------  -------  --------  ---------  ------  ---------
Total                                                  38.4912    78.8486  0.0000

1
