Information: Updating design information... (UID-85)
 
****************************************
Report : timing
        -path full
        -delay max
        -max_paths 1
Design : rca_w_regs
Version: T-2022.03-SP5
Date   : Wed May 17 14:04:50 2023
****************************************

Operating Conditions: PVT_0P7V_25C   Library: asap7
Wire Load Model Mode: top

  Startpoint: b_reg[1] (rising edge-triggered flip-flop clocked by clk)
  Endpoint: data_out_reg[3]
            (rising edge-triggered flip-flop clocked by clk)
  Path Group: clk
  Path Type: max

  Point                                                   Incr       Path
  --------------------------------------------------------------------------
  clock clk (rise edge)                                   0.00       0.00
  clock network delay (ideal)                             0.00       0.00
  b_reg[1]/CLK (ASYNC_DFFHx1_ASAP7_75t_R)                 0.00       0.00 r
  b_reg[1]/QN (ASYNC_DFFHx1_ASAP7_75t_R)                 55.55      55.55 f
  U43/Y (OR2x2_ASAP7_75t_R)                              27.00      82.55 f
  U26/Y (AOI31xp33_ASAP7_75t_R)                          22.99     105.54 r
  U48/Y (XNOR2xp5_ASAP7_75t_R)                           21.97     127.51 r
  data_out_reg[3]/D (ASYNC_DFFHx1_ASAP7_75t_R)            0.00     127.51 r
  data arrival time                                                127.51

  clock clk (rise edge)                                  50.00      50.00
  clock network delay (ideal)                             0.00      50.00
  data_out_reg[3]/CLK (ASYNC_DFFHx1_ASAP7_75t_R)          0.00      50.00 r
  library setup time                                    -18.59      31.41
  data required time                                                31.41
  --------------------------------------------------------------------------
  data required time                                                31.41
  data arrival time                                               -127.51
  --------------------------------------------------------------------------
  slack (VIOLATED)                                                 -96.09


1
