 
****************************************
Report : area
Design : rca
Version: T-2022.03-SP5
Date   : Tue May 16 16:06:27 2023
****************************************

Library(s) Used:

    asap7 (File: /usr/local/eda/synLibs/asap7/7nm/db/asap7.db)

Number of ports:                           13
Number of nets:                            19
Number of cells:                           11
Number of combinational cells:             11
Number of sequential cells:                 0
Number of macros/black boxes:               0
Number of buf/inv:                          3
Number of references:                       6

Combinational area:                 19.828800
Buf/Inv area:                        2.099520
Noncombinational area:               0.000000
Macro/Black Box area:                0.000000
Net Interconnect area:      undefined  (No wire load specified)

Total cell area:                    19.828800
Total area:                 undefined

Hierarchical area distribution
------------------------------

                                  Global cell area          Local cell area
                                  ------------------  --------------------------- 
Hierarchical cell                 Absolute   Percent  Combi-    Noncombi-  Black-
                                  Total      Total    national  national   boxes   Design
--------------------------------  ---------  -------  --------  ---------  ------  ---------
rca                                 19.8288    100.0   19.8288     0.0000  0.0000  rca
--------------------------------  ---------  -------  --------  ---------  ------  ---------
Total                                                  19.8288     0.0000  0.0000

1
