 
****************************************
Report : qor
Design : rca
Version: T-2022.03-SP5
Date   : Tue Jul  4 05:11:00 2023
****************************************


  Timing Path Group 'default'
  -----------------------------------
  Levels of Logic:               5.00
  Critical Path Length:         99.70
  Critical Path Slack:           0.30
  Critical Path Clk Period:       n/a
  Total Negative Slack:          0.00
  No. of Violating Paths:        0.00
  Worst Hold Violation:          0.00
  Total Hold Violation:          0.00
  No. of Hold Violations:        0.00
  -----------------------------------


  Cell Count
  -----------------------------------
  Hierarchical Cell Count:          0
  Hierarchical Port Count:          0
  Leaf Cell Count:                 55
  Buf/Inv Cell Count:              12
  Buf Cell Count:                   0
  Inv Cell Count:                  12
  CT Buf/Inv Cell Count:            0
  Combinational Cell Count:        55
  Sequential Cell Count:            0
  Macro Count:                      0
  -----------------------------------


  Area
  -----------------------------------
  Combinational Area:       77.682240
  Noncombinational Area:     0.000000
  Buf/Inv Area:              8.631360
  Total Buffer Area:             0.00
  Total Inverter Area:           8.63
  Macro/Black Box Area:      0.000000
  Net Area:                  0.000000
  -----------------------------------
  Cell Area:                77.682240
  Design Area:              77.682240


  Design Rules
  -----------------------------------
  Total Number of Nets:            71
  Nets With Violations:             0
  Max Trans Violations:             0
  Max Cap Violations:               0
  -----------------------------------


  Hostname: dagobah.ceid.upatras.gr

  Compile CPU Statistics
  -----------------------------------------
  Resource Sharing:                    0.00
  Logic Optimization:                  0.37
  Mapping Optimization:                1.03
  -----------------------------------------
  Overall Compile Time:                7.66
  Overall Compile Wall Clock Time:     7.97

  --------------------------------------------------------------------

  Design  WNS: 0.00  TNS: 0.00  Number of Violating Paths: 0


  Design (Hold)  WNS: 0.00  TNS: 0.00  Number of Violating Paths: 0

  --------------------------------------------------------------------


1
