 
****************************************
Report : area
Design : vmcoffee
Version: T-2022.03-SP5
Date   : Tue Jul  4 04:38:12 2023
****************************************

Library(s) Used:

    asap7 (File: /usr/local/eda/synLibs/asap7/7nm/db/asap7.db)

Number of ports:                           13
Number of nets:                            38
Number of cells:                           28
Number of combinational cells:             26
Number of sequential cells:                 2
Number of macros/black boxes:               0
Number of buf/inv:                          8
Number of references:                      17

Combinational area:                 26.827200
Buf/Inv area:                        5.598720
Noncombinational area:              12.130560
Macro/Black Box area:                0.000000
Net Interconnect area:      undefined  (No wire load specified)

Total cell area:                    38.957760
Total area:                 undefined

Hierarchical area distribution
------------------------------

                                  Global cell area          Local cell area
                                  ------------------  --------------------------- 
Hierarchical cell                 Absolute   Percent  Combi-    Noncombi-  Black-
                                  Total      Total    national  national   boxes   Design
--------------------------------  ---------  -------  --------  ---------  ------  ---------
vmcoffee                            38.9578    100.0   26.8272    12.1306  0.0000  vmcoffee
--------------------------------  ---------  -------  --------  ---------  ------  ---------
Total                                                  26.8272    12.1306  0.0000

1
