 
****************************************
Report : qor
Design : vmcoffee
Version: T-2022.03-SP5
Date   : Tue Jul  4 04:38:12 2023
****************************************


  Timing Path Group 'clk'
  -----------------------------------
  Levels of Logic:               4.00
  Critical Path Length:        114.17
  Critical Path Slack:           0.23
  Critical Path Clk Period:    130.00
  Total Negative Slack:          0.00
  No. of Violating Paths:        0.00
  Worst Hold Violation:          0.00
  Total Hold Violation:          0.00
  No. of Hold Violations:        0.00
  -----------------------------------


  Cell Count
  -----------------------------------
  Hierarchical Cell Count:          0
  Hierarchical Port Count:          0
  Leaf Cell Count:                 28
  Buf/Inv Cell Count:               8
  Buf Cell Count:                   0
  Inv Cell Count:                   8
  CT Buf/Inv Cell Count:            0
  Combinational Cell Count:        26
  Sequential Cell Count:            2
  Macro Count:                      0
  -----------------------------------


  Area
  -----------------------------------
  Combinational Area:       26.827200
  Noncombinational Area:    12.130560
  Buf/Inv Area:              5.598720
  Total Buffer Area:             0.00
  Total Inverter Area:           5.60
  Macro/Black Box Area:      0.000000
  Net Area:                  0.000000
  -----------------------------------
  Cell Area:                38.957760
  Design Area:              38.957760


  Design Rules
  -----------------------------------
  Total Number of Nets:            38
  Nets With Violations:             0
  Max Trans Violations:             0
  Max Cap Violations:               0
  -----------------------------------


  Hostname: dagobah.ceid.upatras.gr

  Compile CPU Statistics
  -----------------------------------------
  Resource Sharing:                    0.03
  Logic Optimization:                  0.24
  Mapping Optimization:                1.37
  -----------------------------------------
  Overall Compile Time:                7.87
  Overall Compile Wall Clock Time:     8.20

  --------------------------------------------------------------------

  Design  WNS: 0.00  TNS: 0.00  Number of Violating Paths: 0


  Design (Hold)  WNS: 0.00  TNS: 0.00  Number of Violating Paths: 0

  --------------------------------------------------------------------


1
