Information: Updating design information... (UID-85)
 
****************************************
Report : timing
        -path full
        -delay max
        -max_paths 1
Design : vmcoffee
Version: T-2022.03-SP5
Date   : Tue Jul  4 04:38:12 2023
****************************************

Operating Conditions: PVT_0P7V_25C   Library: asap7
Wire Load Model Mode: top

  Startpoint: state_reg[1]
              (rising edge-triggered flip-flop clocked by clk)
  Endpoint: state_reg[0]
            (rising edge-triggered flip-flop clocked by clk)
  Path Group: clk
  Path Type: max

  Point                                                   Incr       Path
  --------------------------------------------------------------------------
  clock clk (rise edge)                                   0.00       0.00
  clock network delay (ideal)                             0.00       0.00
  state_reg[1]/CLK (ASYNC_DFFHx1_ASAP7_75t_R)             0.00       0.00 r
  state_reg[1]/QN (ASYNC_DFFHx1_ASAP7_75t_R)             50.32      50.32 f
  U42/Y (NAND3xp33_ASAP7_75t_R)                          11.92      62.24 r
  U26/Y (NOR2xp33_ASAP7_75t_R)                           17.42      79.66 f
  U43/Y (AOI31xp33_ASAP7_75t_R)                          22.72     102.38 r
  U44/Y (NAND2xp5_ASAP7_75t_R)                           11.79     114.17 f
  state_reg[0]/D (ASYNC_DFFHx1_ASAP7_75t_R)               0.00     114.17 f
  data arrival time                                                114.17

  clock clk (rise edge)                                 130.00     130.00
  clock network delay (ideal)                             0.00     130.00
  state_reg[0]/CLK (ASYNC_DFFHx1_ASAP7_75t_R)             0.00     130.00 r
  library setup time                                    -15.61     114.39
  data required time                                               114.39
  --------------------------------------------------------------------------
  data required time                                               114.39
  data arrival time                                               -114.17
  --------------------------------------------------------------------------
  slack (MET)                                                        0.23


1
