Information: Updating design information... (UID-85)
 
****************************************
Report : timing
        -path full
        -delay max
        -max_paths 1
Design : vmcoffee
Version: T-2022.03-SP5
Date   : Wed May 17 14:35:26 2023
****************************************

Operating Conditions: PVT_0P7V_25C   Library: asap7
Wire Load Model Mode: top

  Startpoint: state_reg[0]
              (rising edge-triggered flip-flop clocked by clk)
  Endpoint: state_reg[0]
            (rising edge-triggered flip-flop clocked by clk)
  Path Group: clk
  Path Type: max

  Point                                                   Incr       Path
  --------------------------------------------------------------------------
  clock clk (rise edge)                                   0.00       0.00
  clock network delay (ideal)                             0.00       0.00
  state_reg[0]/CLK (ASYNC_DFFHx1_ASAP7_75t_R)             0.00       0.00 r
  state_reg[0]/QN (ASYNC_DFFHx1_ASAP7_75t_R)             58.46      58.46 r
  U30/Y (OR2x2_ASAP7_75t_R)                              24.66      83.12 r
  U29/Y (NAND2xp5_ASAP7_75t_R)                            8.46      91.57 f
  U28/Y (NAND2xp5_ASAP7_75t_R)                            9.90     101.47 r
  U27/Y (OAI21xp5_ASAP7_75t_R)                           13.27     114.75 f
  state_reg[0]/D (ASYNC_DFFHx1_ASAP7_75t_R)               0.00     114.75 f
  data arrival time                                                114.75

  clock clk (rise edge)                                  50.00      50.00
  clock network delay (ideal)                             0.00      50.00
  state_reg[0]/CLK (ASYNC_DFFHx1_ASAP7_75t_R)             0.00      50.00 r
  library setup time                                    -15.93      34.07
  data required time                                                34.07
  --------------------------------------------------------------------------
  data required time                                                34.07
  data arrival time                                               -114.75
  --------------------------------------------------------------------------
  slack (VIOLATED)                                                 -80.68


1
