Information: Updating design information... (UID-85)
 
****************************************
Report : timing
        -path full
        -delay max
        -max_paths 1
Design : gcd
Version: T-2022.03-SP5
Date   : Tue Jul  4 04:41:51 2023
****************************************

Operating Conditions: PVT_0P7V_25C   Library: asap7
Wire Load Model Mode: top

  Startpoint: fsm/state_reg[1]
              (rising edge-triggered flip-flop clocked by clk)
  Endpoint: fsm/state_reg[1]
            (rising edge-triggered flip-flop clocked by clk)
  Path Group: clk
  Path Type: max

  Point                                                   Incr       Path
  --------------------------------------------------------------------------
  clock clk (rise edge)                                   0.00       0.00
  clock network delay (ideal)                             0.00       0.00
  fsm/state_reg[1]/CLK (ASYNC_DFFHx1_ASAP7_75t_R)         0.00       0.00 r
  fsm/state_reg[1]/QN (ASYNC_DFFHx1_ASAP7_75t_R)         60.79      60.79 f
  fsm/U17/Y (HB1xp67_ASAP7_75t_R)                        27.35      88.13 f
  fsm/U25/Y (OAI22xp33_ASAP7_75t_R)                      20.26     108.40 r
  fsm/state_reg[1]/D (ASYNC_DFFHx1_ASAP7_75t_R)           0.00     108.40 r
  data arrival time                                                108.40

  clock clk (rise edge)                                 130.00     130.00
  clock network delay (ideal)                             0.00     130.00
  fsm/state_reg[1]/CLK (ASYNC_DFFHx1_ASAP7_75t_R)         0.00     130.00 r
  library setup time                                    -21.12     108.88
  data required time                                               108.88
  --------------------------------------------------------------------------
  data required time                                               108.88
  data arrival time                                               -108.40
  --------------------------------------------------------------------------
  slack (MET)                                                        0.48


1
