 
****************************************
Report : qor
Design : rca
Version: T-2022.03-SP5
Date   : Wed May 17 14:04:10 2023
****************************************


  Timing Path Group 'default'
  -----------------------------------
  Levels of Logic:               7.00
  Critical Path Length:        189.53
  Critical Path Slack:        9810.47
  Critical Path Clk Period:       n/a
  Total Negative Slack:          0.00
  No. of Violating Paths:        0.00
  Worst Hold Violation:          0.00
  Total Hold Violation:          0.00
  No. of Hold Violations:        0.00
  -----------------------------------


  Cell Count
  -----------------------------------
  Hierarchical Cell Count:          0
  Hierarchical Port Count:          0
  Leaf Cell Count:                 11
  Buf/Inv Cell Count:               3
  Buf Cell Count:                   0
  Inv Cell Count:                   3
  CT Buf/Inv Cell Count:            0
  Combinational Cell Count:        11
  Sequential Cell Count:            0
  Macro Count:                      0
  -----------------------------------


  Area
  -----------------------------------
  Combinational Area:       19.828800
  Noncombinational Area:     0.000000
  Buf/Inv Area:              2.099520
  Total Buffer Area:             0.00
  Total Inverter Area:           2.10
  Macro/Black Box Area:      0.000000
  Net Area:                  0.000000
  -----------------------------------
  Cell Area:                19.828800
  Design Area:              19.828800


  Design Rules
  -----------------------------------
  Total Number of Nets:            19
  Nets With Violations:             0
  Max Trans Violations:             0
  Max Cap Violations:               0
  -----------------------------------


  Hostname: dagobah.ceid.upatras.gr

  Compile CPU Statistics
  -----------------------------------------
  Resource Sharing:                    0.00
  Logic Optimization:                  0.12
  Mapping Optimization:                0.95
  -----------------------------------------
  Overall Compile Time:                7.36
  Overall Compile Wall Clock Time:     7.71

  --------------------------------------------------------------------

  Design  WNS: 0.00  TNS: 0.00  Number of Violating Paths: 0


  Design (Hold)  WNS: 0.00  TNS: 0.00  Number of Violating Paths: 0

  --------------------------------------------------------------------


1
