 
****************************************
Report : area
Design : rca
Version: T-2022.03-SP5
Date   : Tue May 16 16:02:59 2023
****************************************

Library(s) Used:

    asap7 (File: /usr/local/eda/synLibs/asap7/7nm/db/asap7.db)

Number of ports:                           13
Number of nets:                            32
Number of cells:                           24
Number of combinational cells:             24
Number of sequential cells:                 0
Number of macros/black boxes:               0
Number of buf/inv:                          5
Number of references:                      17

Combinational area:                 38.024640
Buf/Inv area:                        3.965760
Noncombinational area:               0.000000
Macro/Black Box area:                0.000000
Net Interconnect area:      undefined  (No wire load specified)

Total cell area:                    38.024640
Total area:                 undefined

Hierarchical area distribution
------------------------------

                                  Global cell area          Local cell area
                                  ------------------  --------------------------- 
Hierarchical cell                 Absolute   Percent  Combi-    Noncombi-  Black-
                                  Total      Total    national  national   boxes   Design
--------------------------------  ---------  -------  --------  ---------  ------  ---------
rca                                 38.0246    100.0   38.0246     0.0000  0.0000  rca
--------------------------------  ---------  -------  --------  ---------  ------  ---------
Total                                                  38.0246     0.0000  0.0000

1
