 
****************************************
Report : area
Design : rca_pipelined
Version: T-2022.03-SP5
Date   : Wed May 17 11:24:09 2023
****************************************

Library(s) Used:

    asap7 (File: /usr/local/eda/synLibs/asap7/7nm/db/asap7.db)

Number of ports:                           51
Number of nets:                           100
Number of cells:                           60
Number of combinational cells:             34
Number of sequential cells:                20
Number of macros/black boxes:               0
Number of buf/inv:                         21
Number of references:                       5

Combinational area:                 40.590720
Buf/Inv area:                       14.696640
Noncombinational area:             121.305599
Macro/Black Box area:                0.000000
Net Interconnect area:      undefined  (No wire load specified)

Total cell area:                   161.896319
Total area:                 undefined

Hierarchical area distribution
------------------------------

                                  Global cell area          Local cell area
                                  ------------------  --------------------------- 
Hierarchical cell                 Absolute   Percent  Combi-    Noncombi-  Black-
                                  Total      Total    national  national   boxes   Design
--------------------------------  ---------  -------  --------  ---------  ------  -------------
rca_pipelined                      161.8963    100.0   15.3965   121.3056  0.0000  rca_pipelined
first_stage                         12.5971      7.8    0.0000     0.0000  0.0000  irca_width2_0
first_stage/fas[0].fa                6.2986      3.9    6.2986     0.0000  0.0000  fulladder_0
first_stage/fas[1].fa                6.2986      3.9    6.2986     0.0000  0.0000  fulladder_3
second_stage                        12.5971      7.8    0.0000     0.0000  0.0000  irca_width2_1
second_stage/fas[0].fa               6.2986      3.9    6.2986     0.0000  0.0000  fulladder_2
second_stage/fas[1].fa               6.2986      3.9    6.2986     0.0000  0.0000  fulladder_1
--------------------------------  ---------  -------  --------  ---------  ------  -------------
Total                                                  40.5907   121.3056  0.0000

1
